*** Using Compiler 'V6.23', folder: 'C:\Keil_v5\ARM\ARMCLANG\Bin'
Rebuild target 'NUEDC_2023_D_MSPM0G3507_TI'
compiling nuedc_retarget.c...
compiling nuedc_port.c...
compiling Adaptive.c...
compiling ADC_FFT.c...
compiling Serial_Buffer.c...
compiling fpga_promax_link_ti.c...
compiling arm_math_lite.c...
compiling FFT.c...
compiling Correlate.c...
compiling adc_app.c...
compiling nuedc_hal_compat.c...
compiling fpga_link_ti.c...
compiling ti_msp_dl_config.c...
compiling IQ.c...
compiling Fit.c...
compiling Filter.c...
compiling ad5687.c...
compiling SoftPll.c...
compiling ads8363_app.c...
compiling ad5687_app.c...
compiling ModelFit.c...
compiling ADS8363.c...
compiling dac8831.c...
compiling ad9910_app.c...
compiling main.c...
compiling dac8831_app.c...
compiling Measure.c...
compiling ad9910.c...
compiling Demod.c...
compiling ad9280_app.c...
assembling startup_mspm0g350x_uvision.s...
compiling ad9708_app.c...
compiling screen_test.c...
compiling ad9280.c...
compiling fpga_promax.c...
compiling ad9708.c...
linking...
Program Size: Code=33964 RO-data=1476 RW-data=48 ZI-data=6848  
FromELF: creating hex file...
".\Objects\NUEDC_2023_D_MSPM0G3507_TI.axf" - 0 Error(s), 0 Warning(s).
Build Time Elapsed:  00:00:02
